#
# There is insufficient memory for the Java Runtime Environment to continue.
# Native memory allocation (malloc) failed to allocate 32744 bytes for Chunk::new
# Possible reasons:
#   The system is out of physical RAM or swap space
#   The process is running with CompressedOops enabled, and the Java Heap may be blocking the growth of the native heap
# Possible solutions:
#   Reduce memory load on the system
#   Increase physical memory or swap space
#   Check if swap backing store is full
#   Decrease Java heap size (-Xmx/-Xms)
#   Decrease number of Java threads
#   Decrease Java thread stack sizes (-Xss)
#   Set larger code cache with -XX:ReservedCodeCacheSize=
#   JVM is running with Unscaled Compressed Oops mode in which the Java heap is
#     placed in the first 4GB address space. The Java Heap base address is the
#     maximum limit for the native heap growth. Please use -XX:HeapBaseMinAddress
#     to set the Java Heap base and to place the Java Heap above 4GB virtual address.
# This output file may be truncated or incomplete.
#
#  Out of Memory Error (arena.cpp:184), pid=25320, tid=17596
#
# JRE version: Java(TM) SE Runtime Environment (20.0+36) (build 20+36-2344)
# Java VM: Java HotSpot(TM) 64-Bit Server VM (20+36-2344, mixed mode, sharing, tiered, compressed oops, compressed class ptrs, g1 gc, windows-amd64)
# No core dump will be written. Minidumps are not enabled by default on client versions of Windows
#

---------------  S U M M A R Y ------------

Command Line: -Dfile.encoding=UTF-8 --module-path=C:\Users\mayur\OneDrive\Documents\NetBeansProjects\Hotel Management System\build\classes hotel.management.system.AddCustomer

Host: 11th Gen Intel(R) Core(TM) i3-1115G4 @ 3.00GHz, 4 cores, 7G,  Windows 11 , 64 bit Build 26100 (10.0.26100.2161)
Time: Sun Nov  3 21:47:01 2024 India Standard Time elapsed time: 1183.750133 seconds (0d 0h 19m 43s)

---------------  T H R E A D  ---------------

Current thread (0x000002099ebf1400):  JavaThread "C1 CompilerThread0" daemon [_thread_in_native, id=17596, stack(0x00000013fdf00000,0x00000013fe000000)]


Current CompileTask:
C1:1183750 2218       3       java.net.URLStreamHandler::parseURL (1124 bytes)

Stack: [0x00000013fdf00000,0x00000013fe000000]
Native frames: (J=compiled Java code, j=interpreted, Vv=VM code, C=native code)
V  [jvm.dll+0x6bb95a]
V  [jvm.dll+0x8483aa]
V  [jvm.dll+0x849fa5]
V  [jvm.dll+0x84a6a3]
V  [jvm.dll+0x280b0f]
V  [jvm.dll+0xc2b11]
V  [jvm.dll+0xc2e35]
V  [jvm.dll+0x1996ae]
V  [jvm.dll+0x1b1e8d]
V  [jvm.dll+0x157e3d]
V  [jvm.dll+0x1580c3]
V  [jvm.dll+0x158384]
V  [jvm.dll+0x1577c6]
V  [jvm.dll+0x1594fd]
V  [jvm.dll+0x259e1b]
V  [jvm.dll+0x2584f0]
V  [jvm.dll+0x3f2895]
V  [jvm.dll+0x7f4906]
V  [jvm.dll+0x6ba5cb]
C  [ucrtbase.dll+0x14ea0]
C  [KERNEL32.DLL+0x2dbe7]
C  [ntdll.dll+0xdfbec]


---------------  P R O C E S S  ---------------

Threads class SMR info:
_java_thread_list=0x00000209a5bf6bb0, length=16, elements={
0x000002099ebd1900, 0x000002099ebd4eb0, 0x000002099ebddc00, 0x000002099ebdd6b0,
0x000002099ebdc6c0, 0x000002099ebdc170, 0x000002099ebe9130, 0x000002099ebf1400,
0x000002099ebdb6d0, 0x000002099ebde6a0, 0x000002099ebdebf0, 0x000002099ebdbc20,
0x000002099ebdd160, 0x000002099ebdcc10, 0x000002099ebde150, 0x00000209a4b97460
}

Java Threads: ( => current thread )
  0x000002099ebd1900 JavaThread "Reference Handler" daemon [_thread_blocked, id=19944, stack(0x00000013fd800000,0x00000013fd900000)]
  0x000002099ebd4eb0 JavaThread "Finalizer" daemon [_thread_blocked, id=19876, stack(0x00000013fd900000,0x00000013fda00000)]
  0x000002099ebddc00 JavaThread "Signal Dispatcher" daemon [_thread_blocked, id=22792, stack(0x00000013fda00000,0x00000013fdb00000)]
  0x000002099ebdd6b0 JavaThread "Attach Listener" daemon [_thread_blocked, id=21460, stack(0x00000013fdb00000,0x00000013fdc00000)]
  0x000002099ebdc6c0 JavaThread "Service Thread" daemon [_thread_blocked, id=18644, stack(0x00000013fdc00000,0x00000013fdd00000)]
  0x000002099ebdc170 JavaThread "Monitor Deflation Thread" daemon [_thread_blocked, id=19548, stack(0x00000013fdd00000,0x00000013fde00000)]
  0x000002099ebe9130 JavaThread "C2 CompilerThread0" daemon [_thread_blocked, id=19252, stack(0x00000013fde00000,0x00000013fdf00000)]
=>0x000002099ebf1400 JavaThread "C1 CompilerThread0" daemon [_thread_in_native, id=17596, stack(0x00000013fdf00000,0x00000013fe000000)]
  0x000002099ebdb6d0 JavaThread "Common-Cleaner" daemon [_thread_blocked, id=22044, stack(0x00000013fe000000,0x00000013fe100000)]
  0x000002099ebde6a0 JavaThread "Notification Thread" daemon [_thread_blocked, id=19976, stack(0x00000013fe100000,0x00000013fe200000)]
  0x000002099ebdebf0 JavaThread "Java2D Disposer" daemon [_thread_blocked, id=25348, stack(0x00000013fe300000,0x00000013fe400000)]
  0x000002099ebdbc20 JavaThread "AWT-Shutdown" [_thread_blocked, id=21036, stack(0x00000013fe400000,0x00000013fe500000)]
  0x000002099ebdd160 JavaThread "AWT-Windows" daemon [_thread_in_native, id=11616, stack(0x00000013fe500000,0x00000013fe600000)]
  0x000002099ebdcc10 JavaThread "AWT-EventQueue-0" [_thread_blocked, id=3728, stack(0x00000013fe600000,0x00000013fe700000)]
  0x000002099ebde150 JavaThread "mysql-cj-abandoned-connection-cleanup" daemon [_thread_blocked, id=25528, stack(0x00000013fe700000,0x00000013fe800000)]
  0x00000209a4b97460 JavaThread "DestroyJavaVM" [_thread_blocked, id=23988, stack(0x00000013fd100000,0x00000013fd200000)]

Other Threads:
  0x000002099ebb4cb0 VMThread "VM Thread" [stack: 0x00000013fd700000,0x00000013fd800000] [id=3896]
  0x00000209a321f080 WatcherThread "VM Periodic Task Thread" [stack: 0x00000013fe200000,0x00000013fe300000] [id=25148]
  0x0000020982c78a20 WorkerThread "GC Thread#0" [stack: 0x00000013fd200000,0x00000013fd300000] [id=17832]
  0x00000209a48cd980 WorkerThread "GC Thread#1" [stack: 0x00000013fe900000,0x00000013fea00000] [id=23404]
  0x00000209a48cdc50 WorkerThread "GC Thread#2" [stack: 0x00000013fea00000,0x00000013feb00000] [id=3284]
  0x00000209a48cc8a0 WorkerThread "GC Thread#3" [stack: 0x00000013feb00000,0x00000013fec00000] [id=17808]
  0x0000020982c88f90 ConcurrentGCThread "G1 Main Marker" [stack: 0x00000013fd300000,0x00000013fd400000] [id=6072]
  0x0000020982c8b580 WorkerThread "G1 Conc#0" [stack: 0x00000013fd400000,0x00000013fd500000] [id=22368]
  0x0000020982cdeb50 ConcurrentGCThread "G1 Refine#0" [stack: 0x00000013fd500000,0x00000013fd600000] [id=1268]
  0x000002099ea71520 ConcurrentGCThread "G1 Service" [stack: 0x00000013fd600000,0x00000013fd700000] [id=22964]

Threads with active compile tasks:
C1 CompilerThread0  1183768 2218       3       java.net.URLStreamHandler::parseURL (1124 bytes)

VM state: not at safepoint (normal execution)

VM Mutex/Monitor currently owned by a thread: None

Heap address: 0x0000000085800000, size: 1960 MB, Compressed Oops mode: 32-bit

CDS archive(s) mapped at: [0x0000000800000000-0x0000000800c60000-0x0000000800c60000), size 12976128, SharedBaseAddress: 0x0000000800000000, ArchiveRelocationMode: 0.
Compressed class space mapped at: 0x0000000801000000-0x0000000841000000, reserved size: 1073741824
Narrow klass base: 0x0000000800000000, Narrow klass shift: 0, Narrow klass range: 0x100000000

GC Precious Log:
 CardTable entry size: 512
 Card Set container configuration: InlinePtr #cards 5 size 8 Array Of Cards #cards 12 size 40 Howl #buckets 4 coarsen threshold 1843 Howl Bitmap #cards 512 size 80 coarsen threshold 460 Card regions per heap region 1 cards per card region 2048
 CPUs: 4 total, 4 available
 Memory: 7835M
 Large Page Support: Disabled
 NUMA Support: Disabled
 Compressed Oops: Enabled (32-bit)
 Heap Region Size: 1M
 Heap Min Capacity: 8M
 Heap Initial Capacity: 124M
 Heap Max Capacity: 1960M
 Pre-touch: Disabled
 Parallel Workers: 4
 Concurrent Workers: 1
 Concurrent Refinement Workers: 4
 Periodic GC: Disabled

Heap:
 garbage-first heap   total 126976K, used 12470K [0x0000000085800000, 0x0000000100000000)
  region size 1024K, 6 young (6144K), 2 survivors (2048K)
 Metaspace       used 18451K, committed 18688K, reserved 1114112K
  class space    used 2060K, committed 2176K, reserved 1048576K

Heap Regions: E=young(eden), S=young(survivor), O=old, HS=humongous(starts), HC=humongous(continues), CS=collection set, F=free, OA=open archive, CA=closed archive, TAMS=top-at-mark-start, PB=parsable bottom
|   0|0x0000000085800000, 0x0000000085900000, 0x0000000085900000|100%| O|  |TAMS 0x0000000085800000| PB 0x0000000085800000| Untracked 
|   1|0x0000000085900000, 0x0000000085a00000, 0x0000000085a00000|100%| O|  |TAMS 0x0000000085900000| PB 0x0000000085900000| Untracked 
|   2|0x0000000085a00000, 0x0000000085b00000, 0x0000000085b00000|100%|HS|  |TAMS 0x0000000085a00000| PB 0x0000000085a00000| Complete 
|   3|0x0000000085b00000, 0x0000000085c00000, 0x0000000085c00000|100%|HC|  |TAMS 0x0000000085b00000| PB 0x0000000085b00000| Complete 
|   4|0x0000000085c00000, 0x0000000085d00000, 0x0000000085d00000|100%|HC|  |TAMS 0x0000000085c00000| PB 0x0000000085c00000| Complete 
|   5|0x0000000085d00000, 0x0000000085e00000, 0x0000000085e00000|100%| O|  |TAMS 0x0000000085d00000| PB 0x0000000085d00000| Untracked 
|   6|0x0000000085e00000, 0x0000000085f00000, 0x0000000085f00000|100%| O|  |TAMS 0x0000000085e00000| PB 0x0000000085e00000| Untracked 
|   7|0x0000000085f00000, 0x0000000085f2da00, 0x0000000086000000| 17%| O|  |TAMS 0x0000000085f00000| PB 0x0000000085f00000| Untracked 
|   8|0x0000000086000000, 0x0000000086000000, 0x0000000086100000|  0%| F|  |TAMS 0x0000000086000000| PB 0x0000000086000000| Untracked 
|   9|0x0000000086100000, 0x0000000086100000, 0x0000000086200000|  0%| F|  |TAMS 0x0000000086100000| PB 0x0000000086100000| Untracked 
|  10|0x0000000086200000, 0x0000000086200000, 0x0000000086300000|  0%| F|  |TAMS 0x0000000086200000| PB 0x0000000086200000| Untracked 
|  11|0x0000000086300000, 0x0000000086300000, 0x0000000086400000|  0%| F|  |TAMS 0x0000000086300000| PB 0x0000000086300000| Untracked 
|  12|0x0000000086400000, 0x0000000086400000, 0x0000000086500000|  0%| F|  |TAMS 0x0000000086400000| PB 0x0000000086400000| Untracked 
|  13|0x0000000086500000, 0x0000000086500000, 0x0000000086600000|  0%| F|  |TAMS 0x0000000086500000| PB 0x0000000086500000| Untracked 
|  14|0x0000000086600000, 0x0000000086600000, 0x0000000086700000|  0%| F|  |TAMS 0x0000000086600000| PB 0x0000000086600000| Untracked 
|  15|0x0000000086700000, 0x0000000086700000, 0x0000000086800000|  0%| F|  |TAMS 0x0000000086700000| PB 0x0000000086700000| Untracked 
|  16|0x0000000086800000, 0x0000000086800000, 0x0000000086900000|  0%| F|  |TAMS 0x0000000086800000| PB 0x0000000086800000| Untracked 
|  17|0x0000000086900000, 0x0000000086900000, 0x0000000086a00000|  0%| F|  |TAMS 0x0000000086900000| PB 0x0000000086900000| Untracked 
|  18|0x0000000086a00000, 0x0000000086a00000, 0x0000000086b00000|  0%| F|  |TAMS 0x0000000086a00000| PB 0x0000000086a00000| Untracked 
|  19|0x0000000086b00000, 0x0000000086b00000, 0x0000000086c00000|  0%| F|  |TAMS 0x0000000086b00000| PB 0x0000000086b00000| Untracked 
|  20|0x0000000086c00000, 0x0000000086c00000, 0x0000000086d00000|  0%| F|  |TAMS 0x0000000086c00000| PB 0x0000000086c00000| Untracked 
|  21|0x0000000086d00000, 0x0000000086d00000, 0x0000000086e00000|  0%| F|  |TAMS 0x0000000086d00000| PB 0x0000000086d00000| Untracked 
|  22|0x0000000086e00000, 0x0000000086e00000, 0x0000000086f00000|  0%| F|  |TAMS 0x0000000086e00000| PB 0x0000000086e00000| Untracked 
|  23|0x0000000086f00000, 0x0000000086f00000, 0x0000000087000000|  0%| F|  |TAMS 0x0000000086f00000| PB 0x0000000086f00000| Untracked 
|  24|0x0000000087000000, 0x0000000087000000, 0x0000000087100000|  0%| F|  |TAMS 0x0000000087000000| PB 0x0000000087000000| Untracked 
|  25|0x0000000087100000, 0x0000000087100000, 0x0000000087200000|  0%| F|  |TAMS 0x0000000087100000| PB 0x0000000087100000| Untracked 
|  26|0x0000000087200000, 0x0000000087200000, 0x0000000087300000|  0%| F|  |TAMS 0x0000000087200000| PB 0x0000000087200000| Untracked 
|  27|0x0000000087300000, 0x0000000087300000, 0x0000000087400000|  0%| F|  |TAMS 0x0000000087300000| PB 0x0000000087300000| Untracked 
|  28|0x0000000087400000, 0x0000000087400000, 0x0000000087500000|  0%| F|  |TAMS 0x0000000087400000| PB 0x0000000087400000| Untracked 
|  29|0x0000000087500000, 0x0000000087500000, 0x0000000087600000|  0%| F|  |TAMS 0x0000000087500000| PB 0x0000000087500000| Untracked 
|  30|0x0000000087600000, 0x0000000087600000, 0x0000000087700000|  0%| F|  |TAMS 0x0000000087600000| PB 0x0000000087600000| Untracked 
|  31|0x0000000087700000, 0x0000000087700000, 0x0000000087800000|  0%| F|  |TAMS 0x0000000087700000| PB 0x0000000087700000| Untracked 
|  32|0x0000000087800000, 0x0000000087800000, 0x0000000087900000|  0%| F|  |TAMS 0x0000000087800000| PB 0x0000000087800000| Untracked 
|  33|0x0000000087900000, 0x0000000087900000, 0x0000000087a00000|  0%| F|  |TAMS 0x0000000087900000| PB 0x0000000087900000| Untracked 
|  34|0x0000000087a00000, 0x0000000087a00000, 0x0000000087b00000|  0%| F|  |TAMS 0x0000000087a00000| PB 0x0000000087a00000| Untracked 
|  35|0x0000000087b00000, 0x0000000087b00000, 0x0000000087c00000|  0%| F|  |TAMS 0x0000000087b00000| PB 0x0000000087b00000| Untracked 
|  36|0x0000000087c00000, 0x0000000087c00000, 0x0000000087d00000|  0%| F|  |TAMS 0x0000000087c00000| PB 0x0000000087c00000| Untracked 
|  37|0x0000000087d00000, 0x0000000087d00000, 0x0000000087e00000|  0%| F|  |TAMS 0x0000000087d00000| PB 0x0000000087d00000| Untracked 
|  38|0x0000000087e00000, 0x0000000087e00000, 0x0000000087f00000|  0%| F|  |TAMS 0x0000000087e00000| PB 0x0000000087e00000| Untracked 
|  39|0x0000000087f00000, 0x0000000087f00000, 0x0000000088000000|  0%| F|  |TAMS 0x0000000087f00000| PB 0x0000000087f00000| Untracked 
|  40|0x0000000088000000, 0x0000000088000000, 0x0000000088100000|  0%| F|  |TAMS 0x0000000088000000| PB 0x0000000088000000| Untracked 
|  41|0x0000000088100000, 0x0000000088100000, 0x0000000088200000|  0%| F|  |TAMS 0x0000000088100000| PB 0x0000000088100000| Untracked 
|  42|0x0000000088200000, 0x0000000088200000, 0x0000000088300000|  0%| F|  |TAMS 0x0000000088200000| PB 0x0000000088200000| Untracked 
|  43|0x0000000088300000, 0x0000000088300000, 0x0000000088400000|  0%| F|  |TAMS 0x0000000088300000| PB 0x0000000088300000| Untracked 
|  44|0x0000000088400000, 0x0000000088400000, 0x0000000088500000|  0%| F|  |TAMS 0x0000000088400000| PB 0x0000000088400000| Untracked 
|  45|0x0000000088500000, 0x0000000088500000, 0x0000000088600000|  0%| F|  |TAMS 0x0000000088500000| PB 0x0000000088500000| Untracked 
|  46|0x0000000088600000, 0x0000000088600000, 0x0000000088700000|  0%| F|  |TAMS 0x0000000088600000| PB 0x0000000088600000| Untracked 
|  47|0x0000000088700000, 0x0000000088700000, 0x0000000088800000|  0%| F|  |TAMS 0x0000000088700000| PB 0x0000000088700000| Untracked 
|  48|0x0000000088800000, 0x0000000088800000, 0x0000000088900000|  0%| F|  |TAMS 0x0000000088800000| PB 0x0000000088800000| Untracked 
|  49|0x0000000088900000, 0x0000000088900000, 0x0000000088a00000|  0%| F|  |TAMS 0x0000000088900000| PB 0x0000000088900000| Untracked 
|  50|0x0000000088a00000, 0x0000000088a00000, 0x0000000088b00000|  0%| F|  |TAMS 0x0000000088a00000| PB 0x0000000088a00000| Untracked 
|  51|0x0000000088b00000, 0x0000000088b00000, 0x0000000088c00000|  0%| F|  |TAMS 0x0000000088b00000| PB 0x0000000088b00000| Untracked 
|  52|0x0000000088c00000, 0x0000000088c00000, 0x0000000088d00000|  0%| F|  |TAMS 0x0000000088c00000| PB 0x0000000088c00000| Untracked 
|  53|0x0000000088d00000, 0x0000000088d00000, 0x0000000088e00000|  0%| F|  |TAMS 0x0000000088d00000| PB 0x0000000088d00000| Untracked 
|  54|0x0000000088e00000, 0x0000000088e00000, 0x0000000088f00000|  0%| F|  |TAMS 0x0000000088e00000| PB 0x0000000088e00000| Untracked 
|  55|0x0000000088f00000, 0x0000000088f00000, 0x0000000089000000|  0%| F|  |TAMS 0x0000000088f00000| PB 0x0000000088f00000| Untracked 
|  56|0x0000000089000000, 0x0000000089000000, 0x0000000089100000|  0%| F|  |TAMS 0x0000000089000000| PB 0x0000000089000000| Untracked 
|  57|0x0000000089100000, 0x0000000089100000, 0x0000000089200000|  0%| F|  |TAMS 0x0000000089100000| PB 0x0000000089100000| Untracked 
|  58|0x0000000089200000, 0x0000000089200000, 0x0000000089300000|  0%| F|  |TAMS 0x0000000089200000| PB 0x0000000089200000| Untracked 
|  59|0x0000000089300000, 0x0000000089300000, 0x0000000089400000|  0%| F|  |TAMS 0x0000000089300000| PB 0x0000000089300000| Untracked 
|  60|0x0000000089400000, 0x0000000089400000, 0x0000000089500000|  0%| F|  |TAMS 0x0000000089400000| PB 0x0000000089400000| Untracked 
|  61|0x0000000089500000, 0x0000000089500000, 0x0000000089600000|  0%| F|  |TAMS 0x0000000089500000| PB 0x0000000089500000| Untracked 
|  62|0x0000000089600000, 0x0000000089600000, 0x0000000089700000|  0%| F|  |TAMS 0x0000000089600000| PB 0x0000000089600000| Untracked 
|  63|0x0000000089700000, 0x0000000089700000, 0x0000000089800000|  0%| F|  |TAMS 0x0000000089700000| PB 0x0000000089700000| Untracked 
|  64|0x0000000089800000, 0x0000000089800000, 0x0000000089900000|  0%| F|  |TAMS 0x0000000089800000| PB 0x0000000089800000| Untracked 
|  65|0x0000000089900000, 0x0000000089900000, 0x0000000089a00000|  0%| F|  |TAMS 0x0000000089900000| PB 0x0000000089900000| Untracked 
|  66|0x0000000089a00000, 0x0000000089a00000, 0x0000000089b00000|  0%| F|  |TAMS 0x0000000089a00000| PB 0x0000000089a00000| Untracked 
|  67|0x0000000089b00000, 0x0000000089b00000, 0x0000000089c00000|  0%| F|  |TAMS 0x0000000089b00000| PB 0x0000000089b00000| Untracked 
|  68|0x0000000089c00000, 0x0000000089c00000, 0x0000000089d00000|  0%| F|  |TAMS 0x0000000089c00000| PB 0x0000000089c00000| Untracked 
|  69|0x0000000089d00000, 0x0000000089d00000, 0x0000000089e00000|  0%| F|  |TAMS 0x0000000089d00000| PB 0x0000000089d00000| Untracked 
|  70|0x0000000089e00000, 0x0000000089e00000, 0x0000000089f00000|  0%| F|  |TAMS 0x0000000089e00000| PB 0x0000000089e00000| Untracked 
|  71|0x0000000089f00000, 0x0000000089f00000, 0x000000008a000000|  0%| F|  |TAMS 0x0000000089f00000| PB 0x0000000089f00000| Untracked 
|  72|0x000000008a000000, 0x000000008a000000, 0x000000008a100000|  0%| F|  |TAMS 0x000000008a000000| PB 0x000000008a000000| Untracked 
|  73|0x000000008a100000, 0x000000008a100000, 0x000000008a200000|  0%| F|  |TAMS 0x000000008a100000| PB 0x000000008a100000| Untracked 
|  74|0x000000008a200000, 0x000000008a200000, 0x000000008a300000|  0%| F|  |TAMS 0x000000008a200000| PB 0x000000008a200000| Untracked 
|  75|0x000000008a300000, 0x000000008a300000, 0x000000008a400000|  0%| F|  |TAMS 0x000000008a300000| PB 0x000000008a300000| Untracked 
|  76|0x000000008a400000, 0x000000008a400000, 0x000000008a500000|  0%| F|  |TAMS 0x000000008a400000| PB 0x000000008a400000| Untracked 
|  77|0x000000008a500000, 0x000000008a500000, 0x000000008a600000|  0%| F|  |TAMS 0x000000008a500000| PB 0x000000008a500000| Untracked 
|  78|0x000000008a600000, 0x000000008a600000, 0x000000008a700000|  0%| F|  |TAMS 0x000000008a600000| PB 0x000000008a600000| Untracked 
|  79|0x000000008a700000, 0x000000008a700000, 0x000000008a800000|  0%| F|  |TAMS 0x000000008a700000| PB 0x000000008a700000| Untracked 
|  80|0x000000008a800000, 0x000000008a800000, 0x000000008a900000|  0%| F|  |TAMS 0x000000008a800000| PB 0x000000008a800000| Untracked 
|  81|0x000000008a900000, 0x000000008a900000, 0x000000008aa00000|  0%| F|  |TAMS 0x000000008a900000| PB 0x000000008a900000| Untracked 
|  82|0x000000008aa00000, 0x000000008aa00000, 0x000000008ab00000|  0%| F|  |TAMS 0x000000008aa00000| PB 0x000000008aa00000| Untracked 
|  83|0x000000008ab00000, 0x000000008ab00000, 0x000000008ac00000|  0%| F|  |TAMS 0x000000008ab00000| PB 0x000000008ab00000| Untracked 
|  84|0x000000008ac00000, 0x000000008ac00000, 0x000000008ad00000|  0%| F|  |TAMS 0x000000008ac00000| PB 0x000000008ac00000| Untracked 
|  85|0x000000008ad00000, 0x000000008ad00000, 0x000000008ae00000|  0%| F|  |TAMS 0x000000008ad00000| PB 0x000000008ad00000| Untracked 
|  86|0x000000008ae00000, 0x000000008ae00000, 0x000000008af00000|  0%| F|  |TAMS 0x000000008ae00000| PB 0x000000008ae00000| Untracked 
|  87|0x000000008af00000, 0x000000008af00000, 0x000000008b000000|  0%| F|  |TAMS 0x000000008af00000| PB 0x000000008af00000| Untracked 
|  88|0x000000008b000000, 0x000000008b000000, 0x000000008b100000|  0%| F|  |TAMS 0x000000008b000000| PB 0x000000008b000000| Untracked 
|  89|0x000000008b100000, 0x000000008b100000, 0x000000008b200000|  0%| F|  |TAMS 0x000000008b100000| PB 0x000000008b100000| Untracked 
|  90|0x000000008b200000, 0x000000008b200000, 0x000000008b300000|  0%| F|  |TAMS 0x000000008b200000| PB 0x000000008b200000| Untracked 
|  91|0x000000008b300000, 0x000000008b300000, 0x000000008b400000|  0%| F|  |TAMS 0x000000008b300000| PB 0x000000008b300000| Untracked 
|  92|0x000000008b400000, 0x000000008b400000, 0x000000008b500000|  0%| F|  |TAMS 0x000000008b400000| PB 0x000000008b400000| Untracked 
|  93|0x000000008b500000, 0x000000008b500000, 0x000000008b600000|  0%| F|  |TAMS 0x000000008b500000| PB 0x000000008b500000| Untracked 
|  94|0x000000008b600000, 0x000000008b600000, 0x000000008b700000|  0%| F|  |TAMS 0x000000008b600000| PB 0x000000008b600000| Untracked 
|  95|0x000000008b700000, 0x000000008b700000, 0x000000008b800000|  0%| F|  |TAMS 0x000000008b700000| PB 0x000000008b700000| Untracked 
|  96|0x000000008b800000, 0x000000008b800000, 0x000000008b900000|  0%| F|  |TAMS 0x000000008b800000| PB 0x000000008b800000| Untracked 
|  97|0x000000008b900000, 0x000000008b900000, 0x000000008ba00000|  0%| F|  |TAMS 0x000000008b900000| PB 0x000000008b900000| Untracked 
|  98|0x000000008ba00000, 0x000000008ba00000, 0x000000008bb00000|  0%| F|  |TAMS 0x000000008ba00000| PB 0x000000008ba00000| Untracked 
|  99|0x000000008bb00000, 0x000000008bb00000, 0x000000008bc00000|  0%| F|  |TAMS 0x000000008bb00000| PB 0x000000008bb00000| Untracked 
| 100|0x000000008bc00000, 0x000000008bc00000, 0x000000008bd00000|  0%| F|  |TAMS 0x000000008bc00000| PB 0x000000008bc00000| Untracked 
| 101|0x000000008bd00000, 0x000000008bd00000, 0x000000008be00000|  0%| F|  |TAMS 0x000000008bd00000| PB 0x000000008bd00000| Untracked 
| 102|0x000000008be00000, 0x000000008be00000, 0x000000008bf00000|  0%| F|  |TAMS 0x000000008be00000| PB 0x000000008be00000| Untracked 
| 103|0x000000008bf00000, 0x000000008bf00000, 0x000000008c000000|  0%| F|  |TAMS 0x000000008bf00000| PB 0x000000008bf00000| Untracked 
| 104|0x000000008c000000, 0x000000008c000000, 0x000000008c100000|  0%| F|  |TAMS 0x000000008c000000| PB 0x000000008c000000| Untracked 
| 105|0x000000008c100000, 0x000000008c100000, 0x000000008c200000|  0%| F|  |TAMS 0x000000008c100000| PB 0x000000008c100000| Untracked 
| 106|0x000000008c200000, 0x000000008c300000, 0x000000008c300000|100%| S|CS|TAMS 0x000000008c200000| PB 0x000000008c200000| Complete 
| 107|0x000000008c300000, 0x000000008c400000, 0x000000008c400000|100%| S|CS|TAMS 0x000000008c300000| PB 0x000000008c300000| Complete 
| 108|0x000000008c400000, 0x000000008c400000, 0x000000008c500000|  0%| F|  |TAMS 0x000000008c400000| PB 0x000000008c400000| Untracked 
| 109|0x000000008c500000, 0x000000008c500000, 0x000000008c600000|  0%| F|  |TAMS 0x000000008c500000| PB 0x000000008c500000| Untracked 
| 110|0x000000008c600000, 0x000000008c600000, 0x000000008c700000|  0%| F|  |TAMS 0x000000008c600000| PB 0x000000008c600000| Untracked 
| 111|0x000000008c700000, 0x000000008c700000, 0x000000008c800000|  0%| F|  |TAMS 0x000000008c700000| PB 0x000000008c700000| Untracked 
| 112|0x000000008c800000, 0x000000008c800000, 0x000000008c900000|  0%| F|  |TAMS 0x000000008c800000| PB 0x000000008c800000| Untracked 
| 113|0x000000008c900000, 0x000000008c900000, 0x000000008ca00000|  0%| F|  |TAMS 0x000000008c900000| PB 0x000000008c900000| Untracked 
| 114|0x000000008ca00000, 0x000000008ca00000, 0x000000008cb00000|  0%| F|  |TAMS 0x000000008ca00000| PB 0x000000008ca00000| Untracked 
| 115|0x000000008cb00000, 0x000000008cb00000, 0x000000008cc00000|  0%| F|  |TAMS 0x000000008cb00000| PB 0x000000008cb00000| Untracked 
| 116|0x000000008cc00000, 0x000000008cc00000, 0x000000008cd00000|  0%| F|  |TAMS 0x000000008cc00000| PB 0x000000008cc00000| Untracked 
| 117|0x000000008cd00000, 0x000000008cd00000, 0x000000008ce00000|  0%| F|  |TAMS 0x000000008cd00000| PB 0x000000008cd00000| Untracked 
| 118|0x000000008ce00000, 0x000000008ce00000, 0x000000008cf00000|  0%| F|  |TAMS 0x000000008ce00000| PB 0x000000008ce00000| Untracked 
| 119|0x000000008cf00000, 0x000000008cf00000, 0x000000008d000000|  0%| F|  |TAMS 0x000000008cf00000| PB 0x000000008cf00000| Untracked 
| 120|0x000000008d000000, 0x000000008d07ca50, 0x000000008d100000| 48%| E|  |TAMS 0x000000008d000000| PB 0x000000008d000000| Complete 
| 121|0x000000008d100000, 0x000000008d200000, 0x000000008d200000|100%| E|CS|TAMS 0x000000008d100000| PB 0x000000008d100000| Complete 
| 122|0x000000008d200000, 0x000000008d300000, 0x000000008d300000|100%| E|CS|TAMS 0x000000008d200000| PB 0x000000008d200000| Complete 
| 123|0x000000008d300000, 0x000000008d400000, 0x000000008d400000|100%| E|CS|TAMS 0x000000008d300000| PB 0x000000008d300000| Complete 

Card table byte_map: [0x000002099a0b0000,0x000002099a490000] _byte_map_base: 0x0000020999c84000

Marking Bits: (CMBitMap*) 0x0000020982c79050
 Bits: [0x000002099a870000, 0x000002099c710000)

Polling page: 0x0000020980c00000

Metaspace:

Usage:
  Non-class:     16.01 MB used.
      Class:      2.01 MB used.
       Both:     18.02 MB used.

Virtual space:
  Non-class space:       64.00 MB reserved,      16.12 MB ( 25%) committed,  1 nodes.
      Class space:        1.00 GB reserved,       2.12 MB ( <1%) committed,  1 nodes.
             Both:        1.06 GB reserved,      18.25 MB (  2%) committed. 

Chunk freelists:
   Non-Class:  3.01 MB
       Class:  1.75 MB
        Both:  4.76 MB

MaxMetaspaceSize: unlimited
CompressedClassSpaceSize: 1.00 GB
Initial GC threshold: 21.00 MB
Current GC threshold: 21.00 MB
CDS: on
MetaspaceReclaimPolicy: balanced
 - commit_granule_bytes: 65536.
 - commit_granule_words: 8192.
 - virtual_space_node_default_size: 8388608.
 - enlarge_chunks_in_place: 1.
 - new_chunks_are_fully_committed: 0.
 - uncommit_free_chunks: 1.
 - use_allocation_guard: 0.


Internal statistics:

num_allocs_failed_limit: 0.
num_arena_births: 182.
num_arena_deaths: 0.
num_vsnodes_births: 2.
num_vsnodes_deaths: 0.
num_space_committed: 292.
num_space_uncommitted: 0.
num_chunks_returned_to_freelist: 0.
num_chunks_taken_from_freelist: 376.
num_chunk_merges: 0.
num_chunk_splits: 229.
num_chunks_enlarged: 134.
num_inconsistent_stats: 0.

CodeHeap 'non-profiled nmethods': size=120000Kb used=747Kb max_used=747Kb free=119252Kb
 bounds [0x00000209927a0000, 0x0000020992a10000, 0x0000020999cd0000]
CodeHeap 'profiled nmethods': size=120000Kb used=3994Kb max_used=3994Kb free=116005Kb
 bounds [0x000002098acd0000, 0x000002098b0c0000, 0x0000020992200000]
CodeHeap 'non-nmethods': size=5760Kb used=1947Kb max_used=1964Kb free=3812Kb
 bounds [0x0000020992200000, 0x0000020992470000, 0x00000209927a0000]
 total_blobs=2960 nmethods=2216 adapters=654
 compilation: enabled
              stopped_count=0, restarted_count=0
 full_count=0

Compilation events (20 events):
Event: 1053.487 Thread 0x000002099ebf1400 nmethod 2208 0x000002098b0ab490 code [0x000002098b0ab6c0, 0x000002098b0abfd0]
Event: 1058.496 Thread 0x000002099ebf1400 2209       3       jdk.internal.loader.ClassLoaders::appClassLoader (4 bytes)
Event: 1058.496 Thread 0x000002099ebf1400 nmethod 2209 0x000002098b0ac390 code [0x000002098b0ac520, 0x000002098b0ac618]
Event: 1113.600 Thread 0x000002099ebf1400 2210   !   3       java.net.URL::<init> (543 bytes)
Event: 1113.607 Thread 0x000002099ebf1400 nmethod 2210 0x000002098b0ac690 code [0x000002098b0acc80, 0x000002098b0b02a0]
Event: 1118.605 Thread 0x000002099ebf1400 2211       3       sun.net.util.IPAddressUtil::checkAuth (45 bytes)
Event: 1118.607 Thread 0x000002099ebf1400 nmethod 2211 0x000002098b0b2110 code [0x000002098b0b2380, 0x000002098b0b2dc8]
Event: 1133.638 Thread 0x000002099ebf1400 2212       3       java.lang.Thread::isSupportedClassLoader (28 bytes)
Event: 1133.639 Thread 0x000002099ebf1400 nmethod 2212 0x000002098b0b3210 code [0x000002098b0b33c0, 0x000002098b0b36d0]
Event: 1138.652 Thread 0x000002099ebf1400 2213   !   3       java.util.concurrent.locks.LockSupport::parkNanos (56 bytes)
Event: 1138.653 Thread 0x000002099ebf1400 nmethod 2213 0x000002098b0b3790 code [0x000002098b0b3960, 0x000002098b0b3d90]
Event: 1148.671 Thread 0x000002099ebf1400 2214       3       java.lang.Thread::getContextClassLoader (41 bytes)
Event: 1148.672 Thread 0x000002099ebf1400 nmethod 2214 0x000002098b0b3f90 code [0x000002098b0b4160, 0x000002098b0b4658]
Event: 1153.679 Thread 0x000002099ebf1400 2215       3       java.util.concurrent.TimeUnit::toNanos (45 bytes)
Event: 1153.680 Thread 0x000002099ebf1400 nmethod 2215 0x000002098b0b4790 code [0x000002098b0b4940, 0x000002098b0b4bb8]
Event: 1158.680 Thread 0x000002099ebf1400 2217       3       java.util.concurrent.locks.AbstractQueuedSynchronizer$ConditionObject::await (207 bytes)
Event: 1158.682 Thread 0x000002099ebf1400 nmethod 2217 0x000002098b0b4c90 code [0x000002098b0b4f60, 0x000002098b0b5e80]
Event: 1158.682 Thread 0x000002099ebf1400 2216       3       java.lang.ref.ReferenceQueue::await (15 bytes)
Event: 1158.683 Thread 0x000002099ebf1400 nmethod 2216 0x000002098b0b6490 code [0x000002098b0b6620, 0x000002098b0b67c0]
Event: 1183.717 Thread 0x000002099ebf1400 2218       3       java.net.URLStreamHandler::parseURL (1124 bytes)

GC Heap History (4 events):
Event: 0.573 GC heap before
{Heap before GC invocations=0 (full 0):
 garbage-first heap   total 126976K, used 13312K [0x0000000085800000, 0x0000000100000000)
  region size 1024K, 13 young (13312K), 0 survivors (0K)
 Metaspace       used 10464K, committed 10752K, reserved 1114112K
  class space    used 1213K, committed 1344K, reserved 1048576K
}
Event: 0.579 GC heap after
{Heap after GC invocations=1 (full 0):
 garbage-first heap   total 126976K, used 3600K [0x0000000085800000, 0x0000000100000000)
  region size 1024K, 2 young (2048K), 2 survivors (2048K)
 Metaspace       used 10464K, committed 10752K, reserved 1114112K
  class space    used 1213K, committed 1344K, reserved 1048576K
}
Event: 1.679 GC heap before
{Heap before GC invocations=1 (full 0):
 garbage-first heap   total 126976K, used 21008K [0x0000000085800000, 0x0000000100000000)
  region size 1024K, 16 young (16384K), 2 survivors (2048K)
 Metaspace       used 17478K, committed 17664K, reserved 1114112K
  class space    used 1976K, committed 2048K, reserved 1048576K
}
Event: 1.685 GC heap after
{Heap after GC invocations=2 (full 0):
 garbage-first heap   total 126976K, used 9398K [0x0000000085800000, 0x0000000100000000)
  region size 1024K, 2 young (2048K), 2 survivors (2048K)
 Metaspace       used 17478K, committed 17664K, reserved 1114112K
  class space    used 1976K, committed 2048K, reserved 1048576K
}

Dll operation events (11 events):
Event: 0.008 Loaded shared library C:\Program Files\Java\jdk-20\bin\java.dll
Event: 0.018 Loaded shared library C:\Program Files\Java\jdk-20\bin\jsvml.dll
Event: 0.064 Loaded shared library C:\Program Files\Java\jdk-20\bin\net.dll
Event: 0.066 Loaded shared library C:\Program Files\Java\jdk-20\bin\nio.dll
Event: 0.086 Loaded shared library C:\Program Files\Java\jdk-20\bin\zip.dll
Event: 0.097 Loaded shared library C:\Program Files\Java\jdk-20\bin\jimage.dll
Event: 0.111 Loaded shared library C:\Program Files\Java\jdk-20\bin\awt.dll
Event: 0.439 Loaded shared library C:\Program Files\Java\jdk-20\bin\extnet.dll
Event: 0.738 Loaded shared library C:\Program Files\Java\jdk-20\bin\sunmscapi.dll
Event: 1.120 Loaded shared library C:\Program Files\Java\jdk-20\bin\freetype.dll
Event: 1.121 Loaded shared library C:\Program Files\Java\jdk-20\bin\fontmanager.dll

Deoptimization events (20 events):
Event: 1.131 Thread 0x0000020982c18c10 DEOPT PACKING pc=0x00000209927d4348 sp=0x00000013fd1fdf00
Event: 1.131 Thread 0x0000020982c18c10 DEOPT UNPACKING pc=0x000002099221d2a2 sp=0x00000013fd1fde70 mode 2
Event: 1.328 Thread 0x000002099ebdcc10 DEOPT PACKING pc=0x000002098adc43ae sp=0x00000013fe6fcf80
Event: 1.328 Thread 0x000002099ebdcc10 DEOPT UNPACKING pc=0x000002099226e462 sp=0x00000013fe6fc3f8 mode 0
Event: 1.652 Thread 0x000002099ebdcc10 Uncommon trap: trap_request=0xffffff45 fr.pc=0x00000209927aa3a0 relative=0x00000000000000a0
Event: 1.652 Thread 0x000002099ebdcc10 Uncommon trap: reason=unstable_if action=reinterpret pc=0x00000209927aa3a0 method=java.lang.String.isLatin1()Z @ 10 c2
Event: 1.652 Thread 0x000002099ebdcc10 DEOPT PACKING pc=0x00000209927aa3a0 sp=0x00000013fe6fd350
Event: 1.652 Thread 0x000002099ebdcc10 DEOPT UNPACKING pc=0x000002099221d2a2 sp=0x00000013fe6fd280 mode 2
Event: 1.661 Thread 0x000002099ebdcc10 Uncommon trap: trap_request=0xffffff45 fr.pc=0x00000209927e8954 relative=0x0000000000000054
Event: 1.661 Thread 0x000002099ebdcc10 Uncommon trap: reason=unstable_if action=reinterpret pc=0x00000209927e8954 method=java.lang.CharacterData.of(I)Ljava/lang/CharacterData; @ 4 c2
Event: 1.661 Thread 0x000002099ebdcc10 DEOPT PACKING pc=0x00000209927e8954 sp=0x00000013fe6fd320
Event: 1.661 Thread 0x000002099ebdcc10 DEOPT UNPACKING pc=0x000002099221d2a2 sp=0x00000013fe6fd2b8 mode 2
Event: 1.685 Thread 0x000002099ebd1900 Uncommon trap: trap_request=0xffffff45 fr.pc=0x00000209928199b4 relative=0x0000000000000214
Event: 1.685 Thread 0x000002099ebd1900 Uncommon trap: reason=unstable_if action=reinterpret pc=0x00000209928199b4 method=java.util.concurrent.locks.ReentrantLock$Sync.lock()V @ 4 c2
Event: 1.685 Thread 0x000002099ebd1900 DEOPT PACKING pc=0x00000209928199b4 sp=0x00000013fd8ff430
Event: 1.685 Thread 0x000002099ebd1900 DEOPT UNPACKING pc=0x000002099221d2a2 sp=0x00000013fd8ff390 mode 2
Event: 1.686 Thread 0x000002099ebde150 Uncommon trap: trap_request=0xffffff45 fr.pc=0x000002099283e1c4 relative=0x0000000000000124
Event: 1.686 Thread 0x000002099ebde150 Uncommon trap: reason=unstable_if action=reinterpret pc=0x000002099283e1c4 method=java.lang.ThreadLocal$ThreadLocalMap.getEntry(Ljava/lang/ThreadLocal;)Ljava/lang/ThreadLocal$ThreadLocalMap$Entry; @ 21 c2
Event: 1.686 Thread 0x000002099ebde150 DEOPT PACKING pc=0x000002099283e1c4 sp=0x00000013fe7fe5d0
Event: 1.686 Thread 0x000002099ebde150 DEOPT UNPACKING pc=0x000002099221d2a2 sp=0x00000013fe7fe4e0 mode 2

Classes loaded (20 events):
Event: 1.751 Loading class java/awt/Container$EventTargetFilter done
Event: 1.751 Loading class java/awt/Container$MouseEventTargetFilter done
Event: 1.751 Loading class java/awt/LightweightDispatcher$1
Event: 1.751 Loading class java/awt/LightweightDispatcher$1 done
Event: 2.032 Loading class java/awt/event/MouseWheelEvent
Event: 2.033 Loading class java/awt/event/MouseWheelEvent done
Event: 2.544 Loading class java/awt/LightweightDispatcher$2
Event: 2.544 Loading class java/awt/LightweightDispatcher$2 done
Event: 3.126 Loading class javax/swing/JInternalFrame
Event: 3.127 Loading class javax/swing/JInternalFrame done
Event: 3.127 Loading class java/awt/Canvas
Event: 3.127 Loading class java/awt/Canvas done
Event: 3.127 Loading class java/awt/Scrollbar
Event: 3.128 Loading class java/awt/Scrollbar done
Event: 3.346 Loading class java/awt/Event
Event: 3.346 Loading class java/awt/Event done
Event: 8.551 Loading class java/awt/KeyboardFocusManager$2
Event: 8.551 Loading class java/awt/KeyboardFocusManager$2 done
Event: 8.552 Loading class sun/awt/SunToolkit$1
Event: 8.552 Loading class sun/awt/SunToolkit$1 done

Classes unloaded (0 events):
No events

Classes redefined (0 events):
No events

Internal exceptions (20 events):
Event: 1.252 Thread 0x000002099ebdcc10 Exception <a 'java/io/FileNotFoundException'{0x000000008cdba438}> (0x000000008cdba438) 
thrown [s\open\src\hotspot\share\prims\jni.cpp, line 519]
Event: 1.252 Thread 0x000002099ebdcc10 Exception <a 'java/io/FileNotFoundException'{0x000000008cdbbe20}> (0x000000008cdbbe20) 
thrown [s\open\src\hotspot\share\prims\jni.cpp, line 519]
Event: 1.252 Thread 0x000002099ebdcc10 Exception <a 'java/io/FileNotFoundException'{0x000000008cdbd818}> (0x000000008cdbd818) 
thrown [s\open\src\hotspot\share\prims\jni.cpp, line 519]
Event: 1.253 Thread 0x000002099ebdcc10 Exception <a 'java/io/FileNotFoundException'{0x000000008cdc0548}> (0x000000008cdc0548) 
thrown [s\open\src\hotspot\share\prims\jni.cpp, line 519]
Event: 1.253 Thread 0x000002099ebdcc10 Exception <a 'java/io/FileNotFoundException'{0x000000008cdc1f50}> (0x000000008cdc1f50) 
thrown [s\open\src\hotspot\share\prims\jni.cpp, line 519]
Event: 1.257 Thread 0x000002099ebdcc10 Exception <a 'java/io/FileNotFoundException'{0x000000008cdc79b0}> (0x000000008cdc79b0) 
thrown [s\open\src\hotspot\share\prims\jni.cpp, line 519]
Event: 1.257 Thread 0x000002099ebdcc10 Exception <a 'java/io/FileNotFoundException'{0x000000008cdca520}> (0x000000008cdca520) 
thrown [s\open\src\hotspot\share\prims\jni.cpp, line 519]
Event: 1.259 Thread 0x000002099ebdcc10 Exception <a 'java/io/FileNotFoundException'{0x000000008cdcd1c8}> (0x000000008cdcd1c8) 
thrown [s\open\src\hotspot\share\prims\jni.cpp, line 519]
Event: 1.262 Thread 0x000002099ebdcc10 Exception <a 'java/io/FileNotFoundException'{0x000000008cde8d80}> (0x000000008cde8d80) 
thrown [s\open\src\hotspot\share\prims\jni.cpp, line 519]
Event: 1.262 Thread 0x000002099ebdcc10 Exception <a 'java/io/FileNotFoundException'{0x000000008cded548}> (0x000000008cded548) 
thrown [s\open\src\hotspot\share\prims\jni.cpp, line 519]
Event: 1.263 Thread 0x000002099ebdcc10 Exception <a 'java/io/FileNotFoundException'{0x000000008cdf2bf0}> (0x000000008cdf2bf0) 
thrown [s\open\src\hotspot\share\prims\jni.cpp, line 519]
Event: 1.263 Thread 0x000002099ebdcc10 Exception <a 'java/io/FileNotFoundException'{0x000000008cdf4608}> (0x000000008cdf4608) 
thrown [s\open\src\hotspot\share\prims\jni.cpp, line 519]
Event: 1.263 Thread 0x000002099ebdcc10 Exception <a 'java/io/FileNotFoundException'{0x000000008cdf5ff0}> (0x000000008cdf5ff0) 
thrown [s\open\src\hotspot\share\prims\jni.cpp, line 519]
Event: 1.264 Thread 0x000002099ebdcc10 Exception <a 'java/io/FileNotFoundException'{0x000000008cdf9748}> (0x000000008cdf9748) 
thrown [s\open\src\hotspot\share\prims\jni.cpp, line 519]
Event: 1.264 Thread 0x000002099ebdcc10 Exception <a 'java/io/FileNotFoundException'{0x000000008cdfc468}> (0x000000008cdfc468) 
thrown [s\open\src\hotspot\share\prims\jni.cpp, line 519]
Event: 1.264 Thread 0x000002099ebdcc10 Exception <a 'java/io/FileNotFoundException'{0x000000008cdfde70}> (0x000000008cdfde70) 
thrown [s\open\src\hotspot\share\prims\jni.cpp, line 519]
Event: 1.266 Thread 0x000002099ebdcc10 Exception <a 'java/io/FileNotFoundException'{0x000000008cc03cc0}> (0x000000008cc03cc0) 
thrown [s\open\src\hotspot\share\prims\jni.cpp, line 519]
Event: 1.266 Thread 0x000002099ebdcc10 Exception <a 'java/io/FileNotFoundException'{0x000000008cc06820}> (0x000000008cc06820) 
thrown [s\open\src\hotspot\share\prims\jni.cpp, line 519]
Event: 1.266 Thread 0x000002099ebdcc10 Exception <a 'java/io/FileNotFoundException'{0x000000008cc094b8}> (0x000000008cc094b8) 
thrown [s\open\src\hotspot\share\prims\jni.cpp, line 519]
Event: 1.686 Thread 0x000002099ebde150 Implicit null exception at 0x000002099283e10c to 0x000002099283e1a4

VM Operations (20 events):
Event: 4.709 Executing VM operation: Cleanup
Event: 4.709 Executing VM operation: Cleanup done
Event: 5.724 Executing VM operation: Cleanup
Event: 5.724 Executing VM operation: Cleanup done
Event: 6.731 Executing VM operation: Cleanup
Event: 6.731 Executing VM operation: Cleanup done
Event: 7.743 Executing VM operation: Cleanup
Event: 7.743 Executing VM operation: Cleanup done
Event: 8.750 Executing VM operation: Cleanup
Event: 8.750 Executing VM operation: Cleanup done
Event: 447.738 Executing VM operation: Cleanup
Event: 447.738 Executing VM operation: Cleanup done
Event: 618.348 Executing VM operation: Cleanup
Event: 618.348 Executing VM operation: Cleanup done
Event: 1044.163 Executing VM operation: Cleanup
Event: 1044.164 Executing VM operation: Cleanup done
Event: 1123.851 Executing VM operation: Cleanup
Event: 1123.851 Executing VM operation: Cleanup done
Event: 1164.219 Executing VM operation: Cleanup
Event: 1164.219 Executing VM operation: Cleanup done

Events (20 events):
Event: 0.030 Thread 0x000002099ebd4eb0 Thread added: 0x000002099ebd4eb0
Event: 0.030 Thread 0x000002099ebddc00 Thread added: 0x000002099ebddc00
Event: 0.030 Thread 0x000002099ebdd6b0 Thread added: 0x000002099ebdd6b0
Event: 0.031 Thread 0x000002099ebdc6c0 Thread added: 0x000002099ebdc6c0
Event: 0.031 Thread 0x000002099ebdc170 Thread added: 0x000002099ebdc170
Event: 0.031 Thread 0x000002099ebe9130 Thread added: 0x000002099ebe9130
Event: 0.031 Thread 0x000002099ebf1400 Thread added: 0x000002099ebf1400
Event: 0.052 Thread 0x000002099ebdb6d0 Thread added: 0x000002099ebdb6d0
Event: 0.080 Thread 0x000002099ebde6a0 Thread added: 0x000002099ebde6a0
Event: 0.164 Thread 0x000002099ebdebf0 Thread added: 0x000002099ebdebf0
Event: 0.165 Thread 0x000002099ebdbc20 Thread added: 0x000002099ebdbc20
Event: 0.166 Thread 0x000002099ebdd160 Thread added: 0x000002099ebdd160
Event: 0.250 Thread 0x000002099ebdcc10 Thread added: 0x000002099ebdcc10
Event: 0.296 Thread 0x000002099ebde150 Thread added: 0x000002099ebde150
Event: 0.341 Thread 0x00000209a484cfc0 Thread added: 0x00000209a484cfc0
Event: 1.213 Thread 0x0000020982c18c10 Thread exited: 0x0000020982c18c10
Event: 1.213 Thread 0x00000209a4b97460 Thread added: 0x00000209a4b97460
Event: 1.246 Thread 0x00000209a484cfc0 Thread exited: 0x00000209a484cfc0
Event: 1.704 Thread 0x00000209a5eb5170 Thread added: 0x00000209a5eb5170
Event: 2.014 Thread 0x00000209a5eb5170 Thread exited: 0x00000209a5eb5170


Dynamic libraries:
0x00007ff7319c0000 - 0x00007ff7319d0000 	C:\Program Files\Java\jdk-20\bin\java.exe
0x00007fffb5540000 - 0x00007fffb57a3000 	C:\WINDOWS\SYSTEM32\ntdll.dll
0x00007fffb3b50000 - 0x00007fffb3c18000 	C:\WINDOWS\System32\KERNEL32.DLL
0x00007fffb2b50000 - 0x00007fffb2f01000 	C:\WINDOWS\System32\KERNELBASE.dll
0x00007fffb3040000 - 0x00007fffb318b000 	C:\WINDOWS\System32\ucrtbase.dll
0x00007fffac610000 - 0x00007fffac62b000 	C:\Program Files\Java\jdk-20\bin\VCRUNTIME140.dll
0x00007fffa20d0000 - 0x00007fffa20e9000 	C:\Program Files\Java\jdk-20\bin\jli.dll
0x00007fffb34a0000 - 0x00007fffb3554000 	C:\WINDOWS\System32\ADVAPI32.dll
0x00007fffb3ca0000 - 0x00007fffb3d49000 	C:\WINDOWS\System32\msvcrt.dll
0x00007fffb3ef0000 - 0x00007fffb3f96000 	C:\WINDOWS\System32\sechost.dll
0x00007fffb53e0000 - 0x00007fffb54f6000 	C:\WINDOWS\System32\RPCRT4.dll
0x00007fffb3970000 - 0x00007fffb3b38000 	C:\WINDOWS\System32\USER32.dll
0x00007fffb3190000 - 0x00007fffb31b7000 	C:\WINDOWS\System32\win32u.dll
0x00007fffb4820000 - 0x00007fffb484a000 	C:\WINDOWS\System32\GDI32.dll
0x00007fff925e0000 - 0x00007fff92870000 	C:\WINDOWS\WinSxS\amd64_microsoft.windows.common-controls_6595b64144ccf1df_6.0.26100.2161_none_3e0cadb0e33078e1\COMCTL32.dll
0x00007fffb2f10000 - 0x00007fffb3035000 	C:\WINDOWS\System32\gdi32full.dll
0x00007fffb3240000 - 0x00007fffb32e3000 	C:\WINDOWS\System32\msvcp_win.dll
0x00007fffa8500000 - 0x00007fffa850b000 	C:\WINDOWS\SYSTEM32\VERSION.dll
0x00007fffb3920000 - 0x00007fffb394f000 	C:\WINDOWS\System32\IMM32.DLL
0x00007fffaf840000 - 0x00007fffaf84c000 	C:\Program Files\Java\jdk-20\bin\vcruntime140_1.dll
0x00007fff79940000 - 0x00007fff799ce000 	C:\Program Files\Java\jdk-20\bin\msvcp140.dll
0x00007fff34430000 - 0x00007fff350c7000 	C:\Program Files\Java\jdk-20\bin\server\jvm.dll
0x00007fff96e50000 - 0x00007fff96e5a000 	C:\WINDOWS\SYSTEM32\WSOCK32.dll
0x00007fffb5330000 - 0x00007fffb53a4000 	C:\WINDOWS\System32\WS2_32.dll
0x00007fffa8b90000 - 0x00007fffa8bc6000 	C:\WINDOWS\SYSTEM32\WINMM.dll
0x00007fffb1780000 - 0x00007fffb179a000 	C:\WINDOWS\SYSTEM32\kernel.appcore.dll
0x00007fffae3c0000 - 0x00007fffae3ca000 	C:\Program Files\Java\jdk-20\bin\jimage.dll
0x00007fff91490000 - 0x00007fff916d1000 	C:\WINDOWS\SYSTEM32\DBGHELP.DLL
0x00007fffb48a0000 - 0x00007fffb4c1d000 	C:\WINDOWS\System32\combase.dll
0x00007fffb3db0000 - 0x00007fffb3e86000 	C:\WINDOWS\System32\OLEAUT32.dll
0x00007fff91450000 - 0x00007fff91489000 	C:\WINDOWS\SYSTEM32\dbgcore.DLL
0x00007fffb2ab0000 - 0x00007fffb2b49000 	C:\WINDOWS\System32\bcryptPrimitives.dll
0x00007fff96bb0000 - 0x00007fff96bd6000 	C:\Program Files\Java\jdk-20\bin\java.dll
0x00007fff81e70000 - 0x00007fff81f47000 	C:\Program Files\Java\jdk-20\bin\jsvml.dll
0x00007fffb4c20000 - 0x00007fffb531f000 	C:\WINDOWS\System32\SHELL32.dll
0x00007fffb0630000 - 0x00007fffb0e5d000 	C:\WINDOWS\SYSTEM32\windows.storage.dll
0x00007fffb46c0000 - 0x00007fffb4793000 	C:\WINDOWS\System32\SHCORE.dll
0x00007fffb3e90000 - 0x00007fffb3eed000 	C:\WINDOWS\System32\shlwapi.dll
0x00007fffb2840000 - 0x00007fffb286e000 	C:\WINDOWS\SYSTEM32\profapi.dll
0x00007fff99070000 - 0x00007fff99083000 	C:\Program Files\Java\jdk-20\bin\net.dll
0x00007fffab7d0000 - 0x00007fffab8f6000 	C:\WINDOWS\SYSTEM32\WINHTTP.dll
0x00007fffb1c80000 - 0x00007fffb1ce8000 	C:\WINDOWS\system32\mswsock.dll
0x00007fff96b90000 - 0x00007fff96ba6000 	C:\Program Files\Java\jdk-20\bin\nio.dll
0x00007fff96b70000 - 0x00007fff96b88000 	C:\Program Files\Java\jdk-20\bin\zip.dll
0x00007fff7b410000 - 0x00007fff7b5a1000 	C:\Program Files\Java\jdk-20\bin\awt.dll
0x00007fffae4d0000 - 0x00007fffae56c000 	C:\WINDOWS\SYSTEM32\apphelp.dll
0x00007fffaff60000 - 0x00007fffaff8e000 	C:\WINDOWS\system32\DWMAPI.DLL
0x00007fffafdb0000 - 0x00007fffafe5d000 	C:\WINDOWS\system32\uxtheme.dll
0x00007fff837b0000 - 0x00007fff838bc000 	C:\WINDOWS\system32\opengl32.dll
0x00007fff83780000 - 0x00007fff837ad000 	C:\WINDOWS\SYSTEM32\GLU32.dll
0x00007fffaffb0000 - 0x00007fffafff5000 	C:\WINDOWS\SYSTEM32\dxcore.dll
0x00007fffb3560000 - 0x00007fffb36bb000 	C:\WINDOWS\System32\MSCTF.dll
0x00007fffb4090000 - 0x00007fffb4229000 	C:\WINDOWS\System32\ole32.dll
0x00007fffb1260000 - 0x00007fffb1385000 	C:\WINDOWS\SYSTEM32\DNSAPI.dll
0x00007fffb11c0000 - 0x00007fffb11f1000 	C:\WINDOWS\SYSTEM32\IPHLPAPI.DLL
0x00007fffb3b40000 - 0x00007fffb3b4a000 	C:\WINDOWS\System32\NSI.dll
0x00007fffade80000 - 0x00007fffade8b000 	C:\Windows\System32\rasadhlp.dll
0x00007fffae6c0000 - 0x00007fffae746000 	C:\WINDOWS\System32\fwpuclnt.dll
0x00007fffae0b0000 - 0x00007fffae0b7000 	C:\Program Files\Java\jdk-20\bin\extnet.dll
0x00007fffb1f20000 - 0x00007fffb1f3c000 	C:\WINDOWS\SYSTEM32\CRYPTSP.dll
0x00007fffb16c0000 - 0x00007fffb16f8000 	C:\WINDOWS\system32\rsaenh.dll
0x00007fffb1d20000 - 0x00007fffb1d4b000 	C:\WINDOWS\SYSTEM32\USERENV.dll
0x00007fffb2160000 - 0x00007fffb2186000 	C:\WINDOWS\SYSTEM32\bcrypt.dll
0x00007fffb1f40000 - 0x00007fffb1f4c000 	C:\WINDOWS\SYSTEM32\CRYPTBASE.dll
0x00007fffae470000 - 0x00007fffae48e000 	C:\WINDOWS\SYSTEM32\dhcpcsvc6.DLL
0x00007fffae2c0000 - 0x00007fffae2e5000 	C:\WINDOWS\SYSTEM32\dhcpcsvc.DLL
0x00007fff91c00000 - 0x00007fff91c0e000 	C:\Program Files\Java\jdk-20\bin\sunmscapi.dll
0x00007fffb2930000 - 0x00007fffb2aa6000 	C:\WINDOWS\System32\CRYPT32.dll
0x00007fffb2120000 - 0x00007fffb2150000 	C:\WINDOWS\SYSTEM32\ncrypt.dll
0x00007fffb20d0000 - 0x00007fffb210f000 	C:\WINDOWS\SYSTEM32\NTASN1.dll
0x00007fff798b0000 - 0x00007fff79936000 	C:\Program Files\Java\jdk-20\bin\freetype.dll
0x00007fff5a890000 - 0x00007fff5a956000 	C:\Program Files\Java\jdk-20\bin\fontmanager.dll
0x00007fffb33b0000 - 0x00007fffb3458000 	C:\WINDOWS\System32\clbcatq.dll
0x00007fffafa90000 - 0x00007fffafcba000 	C:\WINDOWS\SYSTEM32\WindowsCodecs.dll
0x00007fff7d460000 - 0x00007fff7d4ba000 	C:\WINDOWS\system32\dataexchange.dll
0x00007fffa3240000 - 0x00007fffa3477000 	C:\WINDOWS\system32\twinapi.appcore.dll
0x00007fff96ef0000 - 0x00007fff97035000 	C:\WINDOWS\SYSTEM32\textinputframework.dll
0x00007fffadd50000 - 0x00007fffade75000 	C:\WINDOWS\SYSTEM32\CoreMessaging.dll
0x00007fffaaa40000 - 0x00007fffaad23000 	C:\WINDOWS\SYSTEM32\CoreUIComponents.dll
0x00007fffaeb00000 - 0x00007fffaec68000 	C:\WINDOWS\SYSTEM32\wintypes.dll

dbghelp: loaded successfully - version: 4.0.5 - missing functions: none
symbol engine: initialized successfully - sym options: 0x614 - pdb path: .;C:\Program Files\Java\jdk-20\bin;C:\WINDOWS\SYSTEM32;C:\WINDOWS\WinSxS\amd64_microsoft.windows.common-controls_6595b64144ccf1df_6.0.26100.2161_none_3e0cadb0e33078e1;C:\Program Files\Java\jdk-20\bin\server

VM Arguments:
jvm_args: -Dfile.encoding=UTF-8 --module-path=C:\Users\mayur\OneDrive\Documents\NetBeansProjects\Hotel Management System\build\classes 
java_command: hotel.management.system.AddCustomer
java_class_path (initial): C:\Users\mayur\Downloads\mysql-connector-java-8.0.28.jar;C:\Users\mayur\OneDrive\Documents\NetBeansProjects\Hotel Management System\build\classes
Launcher Type: SUN_STANDARD

[Global flags]
     intx CICompilerCount                          = 3                                         {product} {ergonomic}
     uint ConcGCThreads                            = 1                                         {product} {ergonomic}
     uint G1ConcRefinementThreads                  = 4                                         {product} {ergonomic}
   size_t G1HeapRegionSize                         = 1048576                                   {product} {ergonomic}
    uintx GCDrainStackTargetSize                   = 64                                        {product} {ergonomic}
   size_t InitialHeapSize                          = 130023424                                 {product} {ergonomic}
   size_t MarkStackSize                            = 4194304                                   {product} {ergonomic}
   size_t MaxHeapSize                              = 2055208960                                {product} {ergonomic}
   size_t MaxNewSize                               = 1233125376                                {product} {ergonomic}
   size_t MinHeapDeltaBytes                        = 1048576                                   {product} {ergonomic}
   size_t MinHeapSize                              = 8388608                                   {product} {ergonomic}
    uintx NonNMethodCodeHeapSize                   = 5832780                                {pd product} {ergonomic}
    uintx NonProfiledCodeHeapSize                  = 122912730                              {pd product} {ergonomic}
    uintx ProfiledCodeHeapSize                     = 122912730                              {pd product} {ergonomic}
    uintx ReservedCodeCacheSize                    = 251658240                              {pd product} {ergonomic}
     bool SegmentedCodeCache                       = true                                      {product} {ergonomic}
   size_t SoftMaxHeapSize                          = 2055208960                             {manageable} {ergonomic}
     bool UseCompressedClassPointers               = true                           {product lp64_product} {ergonomic}
     bool UseCompressedOops                        = true                           {product lp64_product} {ergonomic}
     bool UseG1GC                                  = true                                      {product} {ergonomic}
     bool UseLargePagesIndividualAllocation        = false                                  {pd product} {ergonomic}

Logging:
Log output configuration:
 #0: stdout all=warning uptime,level,tags foldmultilines=false
 #1: stderr all=off uptime,level,tags foldmultilines=false

Environment Variables:
JAVA_HOME=C:\Users\mayur\AppData\Local\Programs\Eclipse Adoptium\jdk-17.0.4.8-hotspot\
PATH=C:\Users\mayur\Downloads\WINDOWS.X64_193000_db_home\bin;C:\WINDOWS\system32;C:\WINDOWS;C:\WINDOWS\System32\Wbem;C:\WINDOWS\System32\WindowsPowerShell\v1.0\;C:\WINDOWS\System32\OpenSSH\;C:\MinGW\bin;C:\Program Files\Java\jdk-20\bin;C:\Program Files\nodejs\;C:\Program Files\HP\HP One Agent;C:\WINDOWS\system32;C:\WINDOWS;C:\WINDOWS\System32\Wbem;C:\WINDOWS\System32\WindowsPowerShell\v1.0\;C:\WINDOWS\System32\OpenSSH\;C:\Program Files\MySQL\MySQL Server 8.0\bin;C:\Program Files\MySQL\MySQL Server 8.0\bin;C:\Program Files\MySQL\MySQL Shell 8.0\bin\;C:\Users\mayur\AppData\Local\Programs\Eclipse Adoptium\jdk-17.0.4.8-hotspot\bin;C:\Users\mayur\AppData\Local\Microsoft\WindowsApps;C:\Program Files\JetBrains\IntelliJ IDEA Community Edition 2023.1.2\bin;;C:\Users\mayur\AppData\Local\Programs\Microsoft VS Code\bin;C:\Users\mayur\AppData\Roaming\npm;
USERNAME=mayur
OS=Windows_NT
PROCESSOR_IDENTIFIER=Intel64 Family 6 Model 140 Stepping 1, GenuineIntel
TMP=C:\Users\mayur\AppData\Local\Temp
TEMP=C:\Users\mayur\AppData\Local\Temp




---------------  S Y S T E M  ---------------

OS:
 Windows 11 , 64 bit Build 26100 (10.0.26100.2161)
OS uptime: 0 days 11:09 hours
Hyper-V role detected

CPU: total 4 (initial active 4) (2 cores per cpu, 2 threads per core) family 6 model 140 stepping 1 microcode 0xb8, cx8, cmov, fxsr, ht, mmx, 3dnowpref, sse, sse2, sse3, ssse3, sse4.1, sse4.2, popcnt, lzcnt, tsc, tscinvbit, avx, avx2, aes, erms, clmul, bmi1, bmi2, adx, avx512f, avx512dq, avx512cd, avx512bw, avx512vl, sha, fma, vzeroupper, avx512_vpopcntdq, avx512_vpclmulqdq, avx512_vaes, avx512_vnni, clflush, clflushopt, clwb, avx512_vbmi2, avx512_vbmi, hv, rdtscp, rdpid, fsrm, gfni, avx512_bitalg, f16c, cet_ibt, cet_ss, avx512_ifma

Memory: 4k page, system-wide physical 7835M (1290M free)
TotalPageFile size 24918M (AvailPageFile size 183M)
current process WorkingSet (physical memory assigned to process): 54M, peak: 120M
current process commit charge ("private bytes"): 231M, peak: 241M

vm_info: Java HotSpot(TM) 64-Bit Server VM (20+36-2344) for windows-amd64 JRE (20+36-2344), built on 2023-02-10T19:30:15Z by "mach5one" with MS VC++ 17.1 (VS2022)

END.
